Determining if the pthread_create exist failed with the following output:
Change Dir: /home/ksshin/catkin_ws/build/CMakeFiles/CMakeTmp

Run Build Command:"/usr/bin/make" "cmTC_22a68/fast"
/usr/bin/make -f CMakeFiles/cmTC_22a68.dir/build.make CMakeFiles/cmTC_22a68.dir/build
make[1]: 디렉터리 '/home/ksshin/catkin_ws/build/CMakeFiles/CMakeTmp' 들어감
Building C object CMakeFiles/cmTC_22a68.dir/CheckSymbolExists.c.o
/usr/bin/cc     -o CMakeFiles/cmTC_22a68.dir/CheckSymbolExists.c.o   -c /home/ksshin/catkin_ws/build/CMakeFiles/CMakeTmp/CheckSymbolExists.c
Linking C executable cmTC_22a68
/usr/bin/cmake -E cmake_link_script CMakeFiles/cmTC_22a68.dir/link.txt --verbose=1
/usr/bin/cc       CMakeFiles/cmTC_22a68.dir/CheckSymbolExists.c.o  -o cmTC_22a68 -rdynamic 
CMakeFiles/cmTC_22a68.dir/CheckSymbolExists.c.o: In function `main':
CheckSymbolExists.c:(.text+0x16): undefined reference to `pthread_create'
collect2: error: ld returned 1 exit status
CMakeFiles/cmTC_22a68.dir/build.make:97: 'cmTC_22a68' 타겟에 대한 명령이 실패했습니다
make[1]: *** [cmTC_22a68] 오류 1
make[1]: 디렉터리 '/home/ksshin/catkin_ws/build/CMakeFiles/CMakeTmp' 나감
Makefile:126: 'cmTC_22a68/fast' 타겟에 대한 명령이 실패했습니다
make: *** [cmTC_22a68/fast] 오류 2

File /home/ksshin/catkin_ws/build/CMakeFiles/CMakeTmp/CheckSymbolExists.c:
/* */
#include <pthread.h>

int main(int argc, char** argv)
{
  (void)argv;
#ifndef pthread_create
  return ((int*)(&pthread_create))[argc];
#else
  (void)argc;
  return 0;
#endif
}

Determining if the function pthread_create exists in the pthreads failed with the following output:
Change Dir: /home/ksshin/catkin_ws/build/CMakeFiles/CMakeTmp

Run Build Command:"/usr/bin/make" "cmTC_599ab/fast"
/usr/bin/make -f CMakeFiles/cmTC_599ab.dir/build.make CMakeFiles/cmTC_599ab.dir/build
make[1]: 디렉터리 '/home/ksshin/catkin_ws/build/CMakeFiles/CMakeTmp' 들어감
Building C object CMakeFiles/cmTC_599ab.dir/CheckFunctionExists.c.o
/usr/bin/cc    -DCHECK_FUNCTION_EXISTS=pthread_create   -o CMakeFiles/cmTC_599ab.dir/CheckFunctionExists.c.o   -c /usr/share/cmake-3.5/Modules/CheckFunctionExists.c
Linking C executable cmTC_599ab
/usr/bin/cmake -E cmake_link_script CMakeFiles/cmTC_599ab.dir/link.txt --verbose=1
/usr/bin/cc   -DCHECK_FUNCTION_EXISTS=pthread_create    CMakeFiles/cmTC_599ab.dir/CheckFunctionExists.c.o  -o cmTC_599ab -rdynamic -lpthreads 
/usr/bin/ld: cannot find -lpthreads
collect2: error: ld returned 1 exit status
CMakeFiles/cmTC_599ab.dir/build.make:97: 'cmTC_599ab' 타겟에 대한 명령이 실패했습니다
make[1]: *** [cmTC_599ab] 오류 1
make[1]: 디렉터리 '/home/ksshin/catkin_ws/build/CMakeFiles/CMakeTmp' 나감
Makefile:126: 'cmTC_599ab/fast' 타겟에 대한 명령이 실패했습니다
make: *** [cmTC_599ab/fast] 오류 2


