Determining if the pthread_create exist failed with the following output:
Change Dir: /home/ksshin/darknet_ros/build/CMakeFiles/CMakeTmp

Run Build Command:"/usr/bin/make" "cmTC_d47dd/fast"
/usr/bin/make -f CMakeFiles/cmTC_d47dd.dir/build.make CMakeFiles/cmTC_d47dd.dir/build
make[1]: 디렉터리 '/home/ksshin/darknet_ros/build/CMakeFiles/CMakeTmp' 들어감
Building C object CMakeFiles/cmTC_d47dd.dir/CheckSymbolExists.c.o
/usr/bin/cc     -o CMakeFiles/cmTC_d47dd.dir/CheckSymbolExists.c.o   -c /home/ksshin/darknet_ros/build/CMakeFiles/CMakeTmp/CheckSymbolExists.c
Linking C executable cmTC_d47dd
/usr/bin/cmake -E cmake_link_script CMakeFiles/cmTC_d47dd.dir/link.txt --verbose=1
/usr/bin/cc       CMakeFiles/cmTC_d47dd.dir/CheckSymbolExists.c.o  -o cmTC_d47dd -rdynamic 
CMakeFiles/cmTC_d47dd.dir/CheckSymbolExists.c.o: In function `main':
CheckSymbolExists.c:(.text+0x16): undefined reference to `pthread_create'
collect2: error: ld returned 1 exit status
CMakeFiles/cmTC_d47dd.dir/build.make:97: 'cmTC_d47dd' 타겟에 대한 명령이 실패했습니다
make[1]: *** [cmTC_d47dd] 오류 1
make[1]: 디렉터리 '/home/ksshin/darknet_ros/build/CMakeFiles/CMakeTmp' 나감
Makefile:126: 'cmTC_d47dd/fast' 타겟에 대한 명령이 실패했습니다
make: *** [cmTC_d47dd/fast] 오류 2

File /home/ksshin/darknet_ros/build/CMakeFiles/CMakeTmp/CheckSymbolExists.c:
/* */
#include <pthread.h>

int main(int argc, char** argv)
{
  (void)argv;
#ifndef pthread_create
  return ((int*)(&pthread_create))[argc];
#else
  (void)argc;
  return 0;
#endif
}

Determining if the function pthread_create exists in the pthreads failed with the following output:
Change Dir: /home/ksshin/darknet_ros/build/CMakeFiles/CMakeTmp

Run Build Command:"/usr/bin/make" "cmTC_025a9/fast"
/usr/bin/make -f CMakeFiles/cmTC_025a9.dir/build.make CMakeFiles/cmTC_025a9.dir/build
make[1]: 디렉터리 '/home/ksshin/darknet_ros/build/CMakeFiles/CMakeTmp' 들어감
Building C object CMakeFiles/cmTC_025a9.dir/CheckFunctionExists.c.o
/usr/bin/cc    -DCHECK_FUNCTION_EXISTS=pthread_create   -o CMakeFiles/cmTC_025a9.dir/CheckFunctionExists.c.o   -c /usr/share/cmake-3.5/Modules/CheckFunctionExists.c
Linking C executable cmTC_025a9
/usr/bin/cmake -E cmake_link_script CMakeFiles/cmTC_025a9.dir/link.txt --verbose=1
/usr/bin/cc   -DCHECK_FUNCTION_EXISTS=pthread_create    CMakeFiles/cmTC_025a9.dir/CheckFunctionExists.c.o  -o cmTC_025a9 -rdynamic -lpthreads 
/usr/bin/ld: cannot find -lpthreads
collect2: error: ld returned 1 exit status
CMakeFiles/cmTC_025a9.dir/build.make:97: 'cmTC_025a9' 타겟에 대한 명령이 실패했습니다
make[1]: *** [cmTC_025a9] 오류 1
make[1]: 디렉터리 '/home/ksshin/darknet_ros/build/CMakeFiles/CMakeTmp' 나감
Makefile:126: 'cmTC_025a9/fast' 타겟에 대한 명령이 실패했습니다
make: *** [cmTC_025a9/fast] 오류 2


